# JRE version: OpenJDK Runtime Environment Corretto-17.0.13.11.1 (17.0.13+11) (build 17.0.13+11-LTS)
# Java VM: OpenJDK 64-Bit Server VM Corretto-17.0.13.11.1 (17.0.13+11-LTS, mixed mode, sharing, tiered, compressed oops, compressed class ptrs, g1 gc, windows-amd64)
GC Precious Log:
 CPUs: 12 total, 12 available
 Memory: 16163M
 Large Page Support: Disabled
 NUMA Support: Disabled
 Compressed Oops: Enabled (Zero based)
 Heap Region Size: 2M
 Heap Min Capacity: 8M
 Heap Initial Capacity: 254M
 Heap Max Capacity: 4042M
 Pre-touch: Disabled
 Parallel Workers: 10
 Concurrent Workers: 3
 Concurrent Refinement Workers: 10
 Periodic GC: Disabled
Heap:
 garbage-first heap   total 90112K, used 67461K [0x0000000703600000, 0x0000000800000000)
  region size 2048K, 25 young (51200K), 3 survivors (6144K)
 Metaspace       used 42074K, committed 42560K, reserved 1114112K
  class space    used 5494K, committed 5760K, reserved 1048576K
GC Heap History (14 events):
Event: 0.681 GC heap before
{Heap before GC invocations=0 (full 0):
 garbage-first heap   total 260096K, used 22528K [0x0000000703600000, 0x0000000800000000)
  region size 2048K, 11 young (22528K), 0 survivors (0K)
 Metaspace       used 7818K, committed 8064K, reserved 1114112K
  class space    used 895K, committed 1024K, reserved 1048576K
}
Event: 0.686 GC heap after
{Heap after GC invocations=1 (full 0):
 garbage-first heap   total 260096K, used 10555K [0x0000000703600000, 0x0000000800000000)
  region size 2048K, 2 young (4096K), 2 survivors (4096K)
 Metaspace       used 7818K, committed 8064K, reserved 1114112K
  class space    used 895K, committed 1024K, reserved 1048576K
}
Event: 1.009 GC heap before
{Heap before GC invocations=1 (full 0):
 garbage-first heap   total 260096K, used 26939K [0x0000000703600000, 0x0000000800000000)
  region size 2048K, 10 young (20480K), 2 survivors (4096K)
 Metaspace       used 11523K, committed 11776K, reserved 1114112K
  class space    used 1441K, committed 1536K, reserved 1048576K
}
Event: 1.012 GC heap after
{Heap after GC invocations=2 (full 0):
 garbage-first heap   total 260096K, used 12304K [0x0000000703600000, 0x0000000800000000)
  region size 2048K, 1 young (2048K), 1 survivors (2048K)
 Metaspace       used 11523K, committed 11776K, reserved 1114112K
  class space    used 1441K, committed 1536K, reserved 1048576K
}
Event: 1.586 GC heap before
{Heap before GC invocations=2 (full 0):
 garbage-first heap   total 260096K, used 59408K [0x0000000703600000, 0x0000000800000000)
  region size 2048K, 25 young (51200K), 1 survivors (2048K)
 Metaspace       used 21298K, committed 21504K, reserved 1114112K
  class space    used 2696K, committed 2816K, reserved 1048576K
}
Event: 1.590 GC heap after
{Heap after GC invocations=3 (full 0):
 garbage-first heap   total 260096K, used 15351K [0x0000000703600000, 0x0000000800000000)
  region size 2048K, 3 young (6144K), 3 survivors (6144K)
 Metaspace       used 21298K, committed 21504K, reserved 1114112K
  class space    used 2696K, committed 2816K, reserved 1048576K
}
Event: 2.141 GC heap before
{Heap before GC invocations=4 (full 0):
 garbage-first heap   total 75776K, used 54263K [0x0000000703600000, 0x0000000800000000)
  region size 2048K, 23 young (47104K), 3 survivors (6144K)
 Metaspace       used 25690K, committed 25984K, reserved 1114112K
  class space    used 3143K, committed 3264K, reserved 1048576K
}
Event: 2.148 GC heap after
{Heap after GC invocations=5 (full 0):
 garbage-first heap   total 75776K, used 18877K [0x0000000703600000, 0x0000000800000000)
  region size 2048K, 4 young (8192K), 4 survivors (8192K)
 Metaspace       used 25690K, committed 25984K, reserved 1114112K
  class space    used 3143K, committed 3264K, reserved 1048576K
}
Event: 2.186 GC heap before
{Heap before GC invocations=5 (full 0):
 garbage-first heap   total 75776K, used 20925K [0x0000000703600000, 0x0000000800000000)
  region size 2048K, 5 young (10240K), 4 survivors (8192K)
 Metaspace       used 26003K, committed 26368K, reserved 1114112K
  class space    used 3175K, committed 3328K, reserved 1048576K
}
Event: 2.194 GC heap after
{Heap after GC invocations=6 (full 0):
 garbage-first heap   total 75776K, used 19735K [0x0000000703600000, 0x0000000800000000)
  region size 2048K, 1 young (2048K), 1 survivors (2048K)
 Metaspace       used 26003K, committed 26368K, reserved 1114112K
  class space    used 3175K, committed 3328K, reserved 1048576K
}
Event: 2.573 GC heap before
{Heap before GC invocations=6 (full 0):
 garbage-first heap   total 75776K, used 50455K [0x0000000703600000, 0x0000000800000000)
  region size 2048K, 16 young (32768K), 1 survivors (2048K)
 Metaspace       used 28309K, committed 28608K, reserved 1114112K
  class space    used 3457K, committed 3584K, reserved 1048576K
}
Event: 2.578 GC heap after
{Heap after GC invocations=7 (full 0):
 garbage-first heap   total 124928K, used 20763K [0x0000000703600000, 0x0000000800000000)
  region size 2048K, 2 young (4096K), 2 survivors (4096K)
 Metaspace       used 28309K, committed 28608K, reserved 1114112K
  class space    used 3457K, committed 3584K, reserved 1048576K
}
Event: 3.713 GC heap before
{Heap before GC invocations=7 (full 0):
 garbage-first heap   total 124928K, used 82203K [0x0000000703600000, 0x0000000800000000)
  region size 2048K, 33 young (67584K), 2 survivors (4096K)
 Metaspace       used 35775K, committed 36160K, reserved 1114112K
  class space    used 4603K, committed 4800K, reserved 1048576K
}
Event: 3.723 GC heap after
{Heap after GC invocations=8 (full 0):
 garbage-first heap   total 124928K, used 24453K [0x0000000703600000, 0x0000000800000000)
  region size 2048K, 3 young (6144K), 3 survivors (6144K)
 Metaspace       used 35775K, committed 36160K, reserved 1114112K
  class space    used 4603K, committed 4800K, reserved 1048576K
}

