# JRE version: OpenJDK Runtime Environment JBR-21.0.3+13-509.15-jcef (21.0.3+13) (build 21.0.3+13-b509.15)
# Java VM: OpenJDK 64-Bit Server VM JBR-21.0.3+13-509.15-jcef (21.0.3+13-b509.15, mixed mode, tiered, compressed oops, compressed class ptrs, g1 gc, windows-amd64)
GC Precious Log:
 CardTable entry size: 512
 Card Set container configuration: InlinePtr #cards 5 size 8 Array Of Cards #cards 12 size 40 Howl #buckets 4 coarsen threshold 1843 Howl Bitmap #cards 512 size 80 coarsen threshold 460 Card regions per heap region 1 cards per card region 2048
 CPUs: 12 total, 12 available
 Memory: 16163M
 Large Page Support: Disabled
 NUMA Support: Disabled
 Compressed Oops: Enabled (32-bit)
 Heap Region Size: 1M
 Heap Min Capacity: 128M
 Heap Initial Capacity: 128M
 Heap Max Capacity: 2G
 Pre-touch: Disabled
 Parallel Workers: 10
 Concurrent Workers: 3
 Concurrent Refinement Workers: 10
 Periodic GC: Disabled
Heap:
 garbage-first heap   total 442368K, used 283136K [0x0000000080000000, 0x0000000100000000)
  region size 1024K, 13 young (13312K), 13 survivors (13312K)
 Metaspace       used 42784K, committed 43200K, reserved 1114112K
  class space    used 4536K, committed 4736K, reserved 1048576K
GC Heap History (20 events):
Event: 0.510 GC heap after
{Heap after GC invocations=1 (full 0):
 garbage-first heap   total 131072K, used 10559K [0x0000000080000000, 0x0000000100000000)
  region size 1024K, 3 young (3072K), 3 survivors (3072K)
 Metaspace       used 15950K, committed 16128K, reserved 1114112K
  class space    used 1507K, committed 1600K, reserved 1048576K
}
Event: 0.625 GC heap before
{Heap before GC invocations=1 (full 0):
 garbage-first heap   total 131072K, used 19775K [0x0000000080000000, 0x0000000100000000)
  region size 1024K, 14 young (14336K), 3 survivors (3072K)
 Metaspace       used 21214K, committed 21504K, reserved 1114112K
  class space    used 2056K, committed 2176K, reserved 1048576K
}
Event: 0.628 GC heap after
{Heap after GC invocations=2 (full 0):
 garbage-first heap   total 131072K, used 11688K [0x0000000080000000, 0x0000000100000000)
  region size 1024K, 2 young (2048K), 2 survivors (2048K)
 Metaspace       used 21214K, committed 21504K, reserved 1114112K
  class space    used 2056K, committed 2176K, reserved 1048576K
}
Event: 1.210 GC heap before
{Heap before GC invocations=3 (full 0):
 garbage-first heap   total 131072K, used 52648K [0x0000000080000000, 0x0000000100000000)
  region size 1024K, 44 young (45056K), 2 survivors (2048K)
 Metaspace       used 35556K, committed 35968K, reserved 1114112K
  class space    used 3831K, committed 4032K, reserved 1048576K
}
Event: 1.214 GC heap after
{Heap after GC invocations=4 (full 0):
 garbage-first heap   total 131072K, used 15802K [0x0000000080000000, 0x0000000100000000)
  region size 1024K, 6 young (6144K), 6 survivors (6144K)
 Metaspace       used 35556K, committed 35968K, reserved 1114112K
  class space    used 3831K, committed 4032K, reserved 1048576K
}
Event: 1.460 GC heap before
{Heap before GC invocations=5 (full 0):
 garbage-first heap   total 131072K, used 59834K [0x0000000080000000, 0x0000000100000000)
  region size 1024K, 19 young (19456K), 6 survivors (6144K)
 Metaspace       used 38798K, committed 39232K, reserved 1114112K
  class space    used 4236K, committed 4416K, reserved 1048576K
}
Event: 1.463 GC heap after
{Heap after GC invocations=6 (full 0):
 garbage-first heap   total 131072K, used 32650K [0x0000000080000000, 0x0000000100000000)
  region size 1024K, 6 young (6144K), 6 survivors (6144K)
 Metaspace       used 38798K, committed 39232K, reserved 1114112K
  class space    used 4236K, committed 4416K, reserved 1048576K
}
Event: 1.463 GC heap before
{Heap before GC invocations=6 (full 0):
 garbage-first heap   total 131072K, used 49034K [0x0000000080000000, 0x0000000100000000)
  region size 1024K, 7 young (7168K), 6 survivors (6144K)
 Metaspace       used 38798K, committed 39232K, reserved 1114112K
  class space    used 4236K, committed 4416K, reserved 1048576K
}
Event: 1.466 GC heap after
{Heap after GC invocations=7 (full 0):
 garbage-first heap   total 131072K, used 49453K [0x0000000080000000, 0x0000000100000000)
  region size 1024K, 5 young (5120K), 5 survivors (5120K)
 Metaspace       used 38798K, committed 39232K, reserved 1114112K
  class space    used 4236K, committed 4416K, reserved 1048576K
}
Event: 1.494 GC heap before
{Heap before GC invocations=7 (full 0):
 garbage-first heap   total 131072K, used 81197K [0x0000000080000000, 0x0000000100000000)
  region size 1024K, 6 young (6144K), 5 survivors (5120K)
 Metaspace       used 38807K, committed 39232K, reserved 1114112K
  class space    used 4236K, committed 4416K, reserved 1048576K
}
Event: 1.497 GC heap after
{Heap after GC invocations=8 (full 0):
 garbage-first heap   total 342016K, used 64722K [0x0000000080000000, 0x0000000100000000)
  region size 1024K, 5 young (5120K), 5 survivors (5120K)
 Metaspace       used 38807K, committed 39232K, reserved 1114112K
  class space    used 4236K, committed 4416K, reserved 1048576K
}
Event: 2.056 GC heap before
{Heap before GC invocations=8 (full 0):
 garbage-first heap   total 342016K, used 304338K [0x0000000080000000, 0x0000000100000000)
  region size 1024K, 200 young (204800K), 5 survivors (5120K)
 Metaspace       used 39866K, committed 40320K, reserved 1114112K
  class space    used 4268K, committed 4480K, reserved 1048576K
}
Event: 2.089 GC heap after
{Heap after GC invocations=9 (full 0):
 garbage-first heap   total 403456K, used 147456K [0x0000000080000000, 0x0000000100000000)
  region size 1024K, 25 young (25600K), 25 survivors (25600K)
 Metaspace       used 39866K, committed 40320K, reserved 1114112K
  class space    used 4268K, committed 4480K, reserved 1048576K
}
Event: 2.196 GC heap before
{Heap before GC invocations=9 (full 0):
 garbage-first heap   total 403456K, used 250880K [0x0000000080000000, 0x0000000100000000)
  region size 1024K, 126 young (129024K), 25 survivors (25600K)
 Metaspace       used 40041K, committed 40448K, reserved 1114112K
  class space    used 4275K, committed 4480K, reserved 1048576K
}
Event: 2.223 GC heap after
{Heap after GC invocations=10 (full 0):
 garbage-first heap   total 403456K, used 199168K [0x0000000080000000, 0x0000000100000000)
  region size 1024K, 16 young (16384K), 16 survivors (16384K)
 Metaspace       used 40041K, committed 40448K, reserved 1114112K
  class space    used 4275K, committed 4480K, reserved 1048576K
}
Event: 2.225 GC heap before
{Heap before GC invocations=10 (full 0):
 garbage-first heap   total 403456K, used 202240K [0x0000000080000000, 0x0000000100000000)
  region size 1024K, 19 young (19456K), 16 survivors (16384K)
 Metaspace       used 40041K, committed 40448K, reserved 1114112K
  class space    used 4275K, committed 4480K, reserved 1048576K
}
Event: 2.232 GC heap after
{Heap after GC invocations=11 (full 0):
 garbage-first heap   total 403456K, used 204288K [0x0000000080000000, 0x0000000100000000)
  region size 1024K, 3 young (3072K), 3 survivors (3072K)
 Metaspace       used 40041K, committed 40448K, reserved 1114112K
  class space    used 4275K, committed 4480K, reserved 1048576K
}
Event: 2.361 GC heap before
{Heap before GC invocations=12 (full 0):
 garbage-first heap   total 442368K, used 291328K [0x0000000080000000, 0x0000000100000000)
  region size 1024K, 88 young (90112K), 3 survivors (3072K)
 Metaspace       used 40007K, committed 40448K, reserved 1114112K
  class space    used 4264K, committed 4480K, reserved 1048576K
}
Event: 2.373 GC heap after
{Heap after GC invocations=13 (full 0):
 garbage-first heap   total 442368K, used 243200K [0x0000000080000000, 0x0000000100000000)
  region size 1024K, 11 young (11264K), 11 survivors (11264K)
 Metaspace       used 40007K, committed 40448K, reserved 1114112K
  class space    used 4264K, committed 4480K, reserved 1048576K
}
Event: 2.898 GC heap before
{Heap before GC invocations=13 (full 0):
 garbage-first heap   total 442368K, used 371200K [0x0000000080000000, 0x0000000100000000)
  region size 1024K, 100 young (102400K), 11 survivors (11264K)
 Metaspace       used 42784K, committed 43200K, reserved 1114112K
  class space    used 4536K, committed 4736K, reserved 1048576K
}

