# JRE version: OpenJDK Runtime Environment JBR-21.0.3+13-509.15-jcef (21.0.3+13) (build 21.0.3+13-b509.15)
# Java VM: OpenJDK 64-Bit Server VM JBR-21.0.3+13-509.15-jcef (21.0.3+13-b509.15, mixed mode, tiered, compressed oops, compressed class ptrs, g1 gc, windows-amd64)
GC Precious Log:
 CardTable entry size: 512
 Card Set container configuration: InlinePtr #cards 5 size 8 Array Of Cards #cards 12 size 40 Howl #buckets 4 coarsen threshold 1843 Howl Bitmap #cards 512 size 80 coarsen threshold 460 Card regions per heap region 1 cards per card region 2048
 CPUs: 12 total, 12 available
 Memory: 16163M
 Large Page Support: Disabled
 NUMA Support: Disabled
 Compressed Oops: Enabled (32-bit)
 Heap Region Size: 1M
 Heap Min Capacity: 128M
 Heap Initial Capacity: 128M
 Heap Max Capacity: 2G
 Pre-touch: Disabled
 Parallel Workers: 10
 Concurrent Workers: 3
 Concurrent Refinement Workers: 10
 Periodic GC: Disabled
Heap:
 garbage-first heap   total 414720K, used 250368K [0x0000000080000000, 0x0000000100000000)
  region size 1024K, 12 young (12288K), 12 survivors (12288K)
 Metaspace       used 40025K, committed 40448K, reserved 1114112K
  class space    used 4270K, committed 4480K, reserved 1048576K
GC Heap History (19 events):
Event: 0.529 GC heap before
{Heap before GC invocations=0 (full 0):
 garbage-first heap   total 131072K, used 28672K [0x0000000080000000, 0x0000000100000000)
  region size 1024K, 23 young (23552K), 0 survivors (0K)
 Metaspace       used 15955K, committed 16128K, reserved 1114112K
  class space    used 1507K, committed 1600K, reserved 1048576K
}
Event: 0.533 GC heap after
{Heap after GC invocations=1 (full 0):
 garbage-first heap   total 131072K, used 10613K [0x0000000080000000, 0x0000000100000000)
  region size 1024K, 3 young (3072K), 3 survivors (3072K)
 Metaspace       used 15955K, committed 16128K, reserved 1114112K
  class space    used 1507K, committed 1600K, reserved 1048576K
}
Event: 0.640 GC heap before
{Heap before GC invocations=1 (full 0):
 garbage-first heap   total 131072K, used 19829K [0x0000000080000000, 0x0000000100000000)
  region size 1024K, 14 young (14336K), 3 survivors (3072K)
 Metaspace       used 21164K, committed 21504K, reserved 1114112K
  class space    used 2050K, committed 2240K, reserved 1048576K
}
Event: 0.642 GC heap after
{Heap after GC invocations=2 (full 0):
 garbage-first heap   total 131072K, used 12093K [0x0000000080000000, 0x0000000100000000)
  region size 1024K, 2 young (2048K), 2 survivors (2048K)
 Metaspace       used 21164K, committed 21504K, reserved 1114112K
  class space    used 2050K, committed 2240K, reserved 1048576K
}
Event: 1.179 GC heap before
{Heap before GC invocations=3 (full 0):
 garbage-first heap   total 131072K, used 54077K [0x0000000080000000, 0x0000000100000000)
  region size 1024K, 45 young (46080K), 2 survivors (2048K)
 Metaspace       used 35766K, committed 36160K, reserved 1114112K
  class space    used 3857K, committed 4032K, reserved 1048576K
}
Event: 1.183 GC heap after
{Heap after GC invocations=4 (full 0):
 garbage-first heap   total 131072K, used 16088K [0x0000000080000000, 0x0000000100000000)
  region size 1024K, 6 young (6144K), 6 survivors (6144K)
 Metaspace       used 35766K, committed 36160K, reserved 1114112K
  class space    used 3857K, committed 4032K, reserved 1048576K
}
Event: 1.368 GC heap before
{Heap before GC invocations=5 (full 0):
 garbage-first heap   total 131072K, used 60120K [0x0000000080000000, 0x0000000100000000)
  region size 1024K, 18 young (18432K), 6 survivors (6144K)
 Metaspace       used 38759K, committed 39168K, reserved 1114112K
  class space    used 4230K, committed 4416K, reserved 1048576K
}
Event: 1.371 GC heap after
{Heap after GC invocations=6 (full 0):
 garbage-first heap   total 131072K, used 33364K [0x0000000080000000, 0x0000000100000000)
  region size 1024K, 6 young (6144K), 6 survivors (6144K)
 Metaspace       used 38759K, committed 39168K, reserved 1114112K
  class space    used 4230K, committed 4416K, reserved 1048576K
}
Event: 1.372 GC heap before
{Heap before GC invocations=6 (full 0):
 garbage-first heap   total 131072K, used 49748K [0x0000000080000000, 0x0000000100000000)
  region size 1024K, 7 young (7168K), 6 survivors (6144K)
 Metaspace       used 38759K, committed 39168K, reserved 1114112K
  class space    used 4230K, committed 4416K, reserved 1048576K
}
Event: 1.375 GC heap after
{Heap after GC invocations=7 (full 0):
 garbage-first heap   total 131072K, used 49700K [0x0000000080000000, 0x0000000100000000)
  region size 1024K, 5 young (5120K), 5 survivors (5120K)
 Metaspace       used 38759K, committed 39168K, reserved 1114112K
  class space    used 4230K, committed 4416K, reserved 1048576K
}
Event: 1.400 GC heap before
{Heap before GC invocations=7 (full 0):
 garbage-first heap   total 131072K, used 81444K [0x0000000080000000, 0x0000000100000000)
  region size 1024K, 5 young (5120K), 5 survivors (5120K)
 Metaspace       used 38768K, committed 39168K, reserved 1114112K
  class space    used 4230K, committed 4416K, reserved 1048576K
}
Event: 1.403 GC heap after
{Heap after GC invocations=8 (full 0):
 garbage-first heap   total 354304K, used 64975K [0x0000000080000000, 0x0000000100000000)
  region size 1024K, 5 young (5120K), 5 survivors (5120K)
 Metaspace       used 38768K, committed 39168K, reserved 1114112K
  class space    used 4230K, committed 4416K, reserved 1048576K
}
Event: 2.043 GC heap before
{Heap before GC invocations=8 (full 0):
 garbage-first heap   total 354304K, used 311759K [0x0000000080000000, 0x0000000100000000)
  region size 1024K, 207 young (211968K), 5 survivors (5120K)
 Metaspace       used 39944K, committed 40384K, reserved 1114112K
  class space    used 4268K, committed 4480K, reserved 1048576K
}
Event: 2.080 GC heap after
{Heap after GC invocations=9 (full 0):
 garbage-first heap   total 414720K, used 151552K [0x0000000080000000, 0x0000000100000000)
  region size 1024K, 26 young (26624K), 26 survivors (26624K)
 Metaspace       used 39944K, committed 40384K, reserved 1114112K
  class space    used 4268K, committed 4480K, reserved 1048576K
}
Event: 2.210 GC heap before
{Heap before GC invocations=9 (full 0):
 garbage-first heap   total 414720K, used 258048K [0x0000000080000000, 0x0000000100000000)
  region size 1024K, 130 young (133120K), 26 survivors (26624K)
 Metaspace       used 40009K, committed 40448K, reserved 1114112K
  class space    used 4270K, committed 4480K, reserved 1048576K
}
Event: 2.236 GC heap after
{Heap after GC invocations=10 (full 0):
 garbage-first heap   total 414720K, used 203264K [0x0000000080000000, 0x0000000100000000)
  region size 1024K, 17 young (17408K), 17 survivors (17408K)
 Metaspace       used 40009K, committed 40448K, reserved 1114112K
  class space    used 4270K, committed 4480K, reserved 1048576K
}
Event: 2.241 GC heap before
{Heap before GC invocations=10 (full 0):
 garbage-first heap   total 414720K, used 208384K [0x0000000080000000, 0x0000000100000000)
  region size 1024K, 22 young (22528K), 17 survivors (17408K)
 Metaspace       used 40010K, committed 40448K, reserved 1114112K
  class space    used 4270K, committed 4480K, reserved 1048576K
}
Event: 2.247 GC heap after
{Heap after GC invocations=11 (full 0):
 garbage-first heap   total 414720K, used 208896K [0x0000000080000000, 0x0000000100000000)
  region size 1024K, 3 young (3072K), 3 survivors (3072K)
 Metaspace       used 40010K, committed 40448K, reserved 1114112K
  class space    used 4270K, committed 4480K, reserved 1048576K
}
Event: 2.382 GC heap before
{Heap before GC invocations=11 (full 0):
 garbage-first heap   total 414720K, used 299008K [0x0000000080000000, 0x0000000100000000)
  region size 1024K, 91 young (93184K), 3 survivors (3072K)
 Metaspace       used 40025K, committed 40448K, reserved 1114112K
  class space    used 4270K, committed 4480K, reserved 1048576K
}

